<?xml version="1.0" encoding="UTF-8"?>
<!-- Generated by org.testng.reporters.JUnitReportReporter -->
<testsuite hostname="nithi-18729-gf" failures="0" tests="1" name="day2.HeadersValidations" time="2.222" errors="0" timestamp="2024-03-24T12:47:59 IST" skipped="0">
  <testcase classname="day2.HeadersValidations" name="logheader" time="2.222"/>
  <system-out/>
</testsuite> <!-- day2.HeadersValidations -->
