<?xml version="1.0" encoding="UTF-8"?>
<!-- Generated by org.testng.reporters.JUnitReportReporter -->
<testsuite hostname="nithi-18729-gf" failures="0" tests="1" name="day1.Basicvalidation" time="3.781" errors="0" timestamp="2024-03-24T11:39:36 IST" skipped="0">
  <testcase classname="day1.Basicvalidation" name="validation" time="3.781"/>
  <system-out/>
</testsuite> <!-- day1.Basicvalidation -->
