<?xml version="1.0" encoding="UTF-8"?>
<!-- Generated by org.testng.reporters.JUnitReportReporter -->
<testsuite hostname="nithi-18729-gf" failures="0" tests="1" name="day4.SalesOrderFromNative" time="5.778" errors="0" timestamp="2024-04-25T15:56:28 IST" skipped="0">
  <testcase classname="day4.SalesOrderFromNative" name="getLastSalesOrderNumber" time="5.778"/>
  <system-out/>
</testsuite> <!-- day4.SalesOrderFromNative -->
