<?xml version="1.0" encoding="UTF-8"?>
<!-- Generated by org.testng.reporters.JUnitReportReporter -->
<testsuite hostname="nithi-18729-gf" failures="0" tests="1" name="day4.GetAccestoken" time="2.089" errors="0" timestamp="2024-04-23T12:31:43 IST" skipped="0">
  <testcase classname="day4.GetAccestoken" name="getToken" time="2.089"/>
  <system-out/>
</testsuite> <!-- day4.GetAccestoken -->
