<?xml version="1.0" encoding="UTF-8"?>
<!-- Generated by org.testng.reporters.JUnitReportReporter -->
<testsuite hostname="nithi-18729-gf" failures="0" tests="1" name="day4.Autentication" time="3.048" errors="0" timestamp="2024-04-24T11:52:43 IST" skipped="0">
  <testcase classname="day4.Autentication" name="basicAuthCheck" time="3.048"/>
  <system-out/>
</testsuite> <!-- day4.Autentication -->
