<?xml version="1.0" encoding="UTF-8"?>
<!-- Generated by org.testng.reporters.JUnitReportReporter -->
<testsuite hostname="nithi-18729-gf" failures="0" tests="1" name="day2.CookiesValidations" time="1.872" errors="0" timestamp="2024-03-24T12:09:45 IST" skipped="0">
  <testcase classname="day2.CookiesValidations" name="getcookies" time="1.872"/>
  <system-out/>
</testsuite> <!-- day2.CookiesValidations -->
