<?xml version="1.0" encoding="UTF-8"?>
<!-- Generated by org.testng.reporters.JUnitReportReporter -->
<testsuite hostname="nithi-18729-gf" failures="0" tests="1" name="zakyaApi.GetSalesOrderFromNative" time="12.501" errors="0" timestamp="2024-05-02T11:36:16 IST" skipped="0">
  <testcase classname="zakyaApi.GetSalesOrderFromNative" name="getAccessTokenForNative" time="12.501"/>
  <system-out/>
</testsuite> <!-- zakyaApi.GetSalesOrderFromNative -->
