<?xml version="1.0" encoding="UTF-8"?>
<!-- Generated by org.testng.reporters.JUnitReportReporter -->
<testsuite hostname="nithi-18729-gf" failures="0" tests="1" name="day4.checking" time="2.751" errors="0" timestamp="2024-04-23T10:09:32 IST" skipped="0">
  <testcase classname="day4.checking" name="check" time="2.751"/>
  <system-out/>
</testsuite> <!-- day4.checking -->
