<?xml version="1.0" encoding="UTF-8"?>
<!-- Generated by org.testng.reporters.JUnitReportReporter -->
<testsuite hostname="nithi-18729-gf" failures="0" tests="1" name="day2.PathandQuerry_Param" time="3.434" errors="0" timestamp="2024-03-24T11:50:18 IST" skipped="0">
  <testcase classname="day2.PathandQuerry_Param" name="param" time="3.434"/>
  <system-out/>
</testsuite> <!-- day2.PathandQuerry_Param -->
