<?xml version="1.0" encoding="UTF-8"?>
<!-- Generated by org.testng.reporters.JUnitReportReporter -->
<testsuite hostname="nithi-18729-gf" failures="0" tests="4" name="day3.ItemCreation" time="88927.344" errors="0" timestamp="2024-08-13T21:37:40 IST" skipped="0">
  <testcase classname="day3.ItemCreation" name="createItem" time="7351.315"/>
  <system-out/>
  <testcase classname="day3.ItemCreation" name="createItem" time="37081.848"/>
  <system-out/>
  <testcase classname="day3.ItemCreation" name="createItem" time="37081.859"/>
  <system-out/>
  <testcase classname="day3.ItemCreation" name="createItem" time="7412.318"/>
  <system-out/>
</testsuite> <!-- day3.ItemCreation -->
